<?xml version="1.0" encoding="UTF-8"?>
<!-- Generated by org.testng.reporters.JUnitXMLReporter -->
<testsuite hostname="050101V3483" ignored="0" name="Test" tests="10" failures="0" timestamp="01 Aug 2020 11:45:53 GMT" time="242.205" errors="0">
  <testcase name="ValidateTextBox" time="1.456" classname="demoqaElements.com.Textbox"/>
  <testcase name="ValidateCheckBox" time="5.603" classname="demoqaElements.com.Checkbox"/>
  <testcase name="ValidateRadiobutton" time="0.702" classname="demoqaElements.com.Radiobutton"/>
  <testcase name="ValidateWebTables" time="19.268" classname="demoqaElements.com.WebTables"/>
  <testcase name="ValidateButtons" time="7.96" classname="demoqaElements.com.Buttons"/>
  <testcase name="ValidateLinks" time="7.95" classname="demoqaElements.com.Links"/>
  <testcase name="UploadandDownload" time="15.341" classname="demoqaElements.com.UploadandDownload"/>
  <testcase name="PracticeForm" time="20.199" classname="demoqaElements.com.PracticeForm"/>
  <testcase name="ValidateBrowserWindows" time="4.189" classname="demoqaAlertFramWindows.BrowserWindows"/>
  <testcase name="ValidateAlerts" time="14.625" classname="demoqaAlertFramWindows.Alerts"/>
</testsuite> <!-- Test -->
