<?xml version="1.0" encoding="UTF-8"?>
<testng-results skipped="0" failed="0" ignored="0" total="1" passed="1">
  <reporter-output>
  </reporter-output>
  <suite name="Suite" duration-ms="31012" started-at="2021-05-15T15:57:19 IST" finished-at="2021-05-15T15:57:50 IST">
    <groups>
    </groups>
    <test name="Test" duration-ms="31012" started-at="2021-05-15T15:57:19 IST" finished-at="2021-05-15T15:57:50 IST">
      <class name="com.webautomation.BaseTest3">
        <test-method status="PASS" signature="setup()[pri:0, instance:com.webautomation.BaseTest3@76b0bfab]" name="setup" duration-ms="30934" started-at="2021-05-15T15:57:19 IST" finished-at="2021-05-15T15:57:50 IST">
          <reporter-output>
          </reporter-output>
        </test-method> <!-- setup -->
      </class> <!-- com.webautomation.BaseTest3 -->
    </test> <!-- Test -->
  </suite> <!-- Suite -->
</testng-results>
